<?xml version="1.0" encoding="UTF-8"?>
<!-- Generated by org.testng.reporters.JUnitReportReporter -->
<testsuite skipped="0" hostname="DESKTOP-N939L4S" name="tests.PetStoreMenuTest" tests="3" failures="0" timestamp="31 Mar 2020 18:01:53 GMT" time="12.184" errors="0">
  <testcase name="signInPageTest" time="0.613" classname="tests.PetStoreMenuTest"/>
  <testcase name="petStoreMenuVerifyURLPageTest" time="7.175" classname="tests.PetStoreMenuTest"/>
  <testcase name="petStoreMenuVerifyURLStatusTest" time="4.396" classname="tests.PetStoreMenuTest"/>
</testsuite> <!-- tests.PetStoreMenuTest -->
