<?xml version="1.0" encoding="UTF-8"?>
<!-- Generated by org.testng.reporters.JUnitReportReporter -->
<testsuite skipped="0" hostname="DESKTOP-N939L4S" name="tests.RegistrationTest" tests="1" failures="0" timestamp="31 Mar 2020 18:07:29 GMT" time="156.247" errors="0">
  <testcase name="storeSignInTest" time="156.247" classname="tests.RegistrationTest"/>
</testsuite> <!-- tests.RegistrationTest -->
