<?xml version="1.0" encoding="UTF-8"?>
<!-- Generated by org.testng.reporters.JUnitReportReporter -->
<testsuite skipped="0" hostname="DESKTOP-N939L4S" name="tests.StoreCartTest" tests="4" failures="0" timestamp="30 Mar 2020 17:55:49 GMT" time="27.847" errors="0">
  <testcase name="storeAddToCartTest" time="7.625" classname="tests.StoreCartTest"/>
  <testcase name="storeCookieCartTest" time="5.779" classname="tests.StoreCartTest"/>
  <testcase name="storeCartPriceTest" time="6.248" classname="tests.StoreCartTest"/>
  <testcase name="storeCartSubTotalTest" time="8.195" classname="tests.StoreCartTest"/>
</testsuite> <!-- tests.StoreCartTest -->
