<?xml version="1.0" encoding="UTF-8"?>
<!-- Generated by org.testng.reporters.JUnitReportReporter -->
<testsuite skipped="4" hostname="DESKTOP-N939L4S" name="tests.StoreCartTest" tests="4" failures="0" timestamp="31 Mar 2020 18:01:53 GMT" time="0.000" errors="0">
  <testcase name="storeAddToCartTest" time="0.000" classname="tests.StoreCartTest">
    <skipped/>
  </testcase> <!-- storeAddToCartTest -->
  <testcase name="storeCookieCartTest" time="0.000" classname="tests.StoreCartTest">
    <skipped/>
  </testcase> <!-- storeCookieCartTest -->
  <testcase name="storeCartPriceTest" time="0.000" classname="tests.StoreCartTest">
    <skipped/>
  </testcase> <!-- storeCartPriceTest -->
  <testcase name="storeCartSubTotalTest" time="0.000" classname="tests.StoreCartTest">
    <skipped/>
  </testcase> <!-- storeCartSubTotalTest -->
</testsuite> <!-- tests.StoreCartTest -->
