<?xml version="1.0" encoding="UTF-8"?>
<!-- Generated by org.testng.reporters.JUnitReportReporter -->
<testsuite skipped="0" hostname="DESKTOP-N939L4S" name="tests.RegistrationTest" tests="1" failures="0" timestamp="25 Mar 2020 21:41:25 GMT" time="106.299" errors="0">
  <testcase name="storeSignInTest" time="106.299" classname="tests.RegistrationTest"/>
</testsuite> <!-- tests.RegistrationTest -->
