<?xml version="1.0" encoding="UTF-8"?>
<!-- Generated by org.testng.reporters.JUnitReportReporter -->
<testsuite skipped="0" hostname="DESKTOP-N939L4S" name="tests.SignInTest" tests="1" failures="1" timestamp="25 Mar 2020 18:20:35 GMT" time="21.293" errors="0">
  <testcase name="storeSignInTest" time="21.293" classname="tests.SignInTest">
    <failure type="java.lang.AssertionError" message="The following asserts failed:
	Failed Sign In. Username: 1, Password: QsukPSnF expected [true] but found [false],
	Failed Sign In. Username: 2, Password: SPVbvnJt expected [true] but found [false],
	Failed Sign In. Username: 3, Password: fZHct9ny expected [true] but found [false],
	Failed Sign In. Username: 4, Password: LyjrnZba expected [true] but found [false],
	Failed Sign In. Username: 5, Password: JxWvTFy7 expected [true] but found [false],
	Failed Sign In. Username: 6, Password: 4d4DZdWt expected [true] but found [false],
	Failed Sign In. Username: 7, Password: 2952HZ3P expected [true] but found [false],
	Failed Sign In. Username: 8, Password: jzUmtvQK expected [true] but found [false],
	Failed Sign In. Username: 9, Password: aDJXRezy expected [true] but found [false],
	Failed Sign In. Username: 10, Password: 3SAh3fk4 expected [true] but found [false],
	Failed Sign In. Username: 11, Password: UWZbCj45 expected [true] but found [false],
	Failed Sign In. Username: 12, Password: 8d7gx8sG expected [true] but found [false],
	Failed Sign In. Username: 13, Password: 2mD5nXjw expected [true] but found [false],
	Failed Sign In. Username: 14, Password: teP8UN5F expected [true] but found [false],
	Failed Sign In. Username: 15, Password: km7pH3RY expected [true] but found [false],
	Failed Sign In. Username: 16, Password: eU9cyrGt expected [true] but found [false],
	Failed Sign In. Username: 17, Password: FMaNYxZn expected [true] but found [false],
	Failed Sign In. Username: 18, Password: VNezHF8j expected [true] but found [false],
	Failed Sign In. Username: 19, Password: NaYcbdzQ expected [true] but found [false],
	Failed Sign In. Username: 20, Password: fz63KSq7 expected [true] but found [false],
	Failed Sign In. Username: 21, Password: VYPACgbA expected [true] but found [false],
	Failed Sign In. Username: 22, Password: F4KtXhnj expected [true] but found [false],
	Failed Sign In. Username: 23, Password: t4cytysE expected [true] but found [false],
	Failed Sign In. Username: 24, Password: KHNKazRt expected [true] but found [false],
	Failed Sign In. Username: 25, Password: KmCrp38G expected [true] but found [false],
	Failed Sign In. Username: 26, Password: rNTRNeaw expected [true] but found [false],
	Failed Sign In. Username: 27, Password: 9qzr6TQ2 expected [true] but found [false],
	Failed Sign In. Username: 28, Password: 7UNmseAY expected [true] but found [false],
	Failed Sign In. Username: 29, Password: tnsagy3c expected [true] but found [false],
	Failed Sign In. Username: 30, Password: Xr4KFZwh expected [true] but found [false],
	Failed Sign In. Username: 31, Password: 568jjRap expected [true] but found [false],
	Failed Sign In. Username: 32, Password: dU9aMcGF expected [true] but found [false],
	Failed Sign In. Username: 33, Password: HZu6henv expected [true] but found [false],
	Failed Sign In. Username: 34, Password: zssGuqVn expected [true] but found [false],
	Failed Sign In. Username: 35, Password: mUXfKYHm expected [true] but found [false],
	Failed Sign In. Username: 36, Password: DDHf8Hnd expected [true] but found [false],
	Failed Sign In. Username: 37, Password: SHs79Ljv expected [true] but found [false],
	Failed Sign In. Username: 38, Password: jdkcEy8Z expected [true] but found [false],
	Failed Sign In. Username: 39, Password: zAGCAjb4 expected [true] but found [false],
	Failed Sign In. Username: 40, Password: fzneH4Sx expected [true] but found [false],
	Failed Sign In. Username: 41, Password: tXtcbcWX expected [true] but found [false],
	Failed Sign In. Username: 42, Password: Ean6dWfs expected [true] but found [false],
	Failed Sign In. Username: 43, Password: Fug9uc5V expected [true] but found [false],
	Failed Sign In. Username: 44, Password: JAdKV8uN expected [true] but found [false],
	Failed Sign In. Username: 45, Password: TktDgsqw expected [true] but found [false],
	Failed Sign In. Username: 46, Password: WmVbrxuC expected [true] but found [false],
	Failed Sign In. Username: 47, Password: 7ZVBeea4 expected [true] but found [false],
	Failed Sign In. Username: 48, Password: YM78f7hR expected [true] but found [false],
	Failed Sign In. Username: 49, Password: WpedUKpF expected [true] but found [false],
	Failed Sign In. Username: 50, Password: vgRghBtb expected [true] but found [false]">
      <![CDATA[java.lang.AssertionError: The following asserts failed:
Failed Sign In. Username: 1, Password: QsukPSnF expected [true] but found [false],
Failed Sign In. Username: 2, Password: SPVbvnJt expected [true] but found [false],
Failed Sign In. Username: 3, Password: fZHct9ny expected [true] but found [false],
Failed Sign In. Username: 4, Password: LyjrnZba expected [true] but found [false],
Failed Sign In. Username: 5, Password: JxWvTFy7 expected [true] but found [false],
Failed Sign In. Username: 6, Password: 4d4DZdWt expected [true] but found [false],
Failed Sign In. Username: 7, Password: 2952HZ3P expected [true] but found [false],
Failed Sign In. Username: 8, Password: jzUmtvQK expected [true] but found [false],
Failed Sign In. Username: 9, Password: aDJXRezy expected [true] but found [false],
Failed Sign In. Username: 10, Password: 3SAh3fk4 expected [true] but found [false],
Failed Sign In. Username: 11, Password: UWZbCj45 expected [true] but found [false],
Failed Sign In. Username: 12, Password: 8d7gx8sG expected [true] but found [false],
Failed Sign In. Username: 13, Password: 2mD5nXjw expected [true] but found [false],
Failed Sign In. Username: 14, Password: teP8UN5F expected [true] but found [false],
Failed Sign In. Username: 15, Password: km7pH3RY expected [true] but found [false],
Failed Sign In. Username: 16, Password: eU9cyrGt expected [true] but found [false],
Failed Sign In. Username: 17, Password: FMaNYxZn expected [true] but found [false],
Failed Sign In. Username: 18, Password: VNezHF8j expected [true] but found [false],
Failed Sign In. Username: 19, Password: NaYcbdzQ expected [true] but found [false],
Failed Sign In. Username: 20, Password: fz63KSq7 expected [true] but found [false],
Failed Sign In. Username: 21, Password: VYPACgbA expected [true] but found [false],
Failed Sign In. Username: 22, Password: F4KtXhnj expected [true] but found [false],
Failed Sign In. Username: 23, Password: t4cytysE expected [true] but found [false],
Failed Sign In. Username: 24, Password: KHNKazRt expected [true] but found [false],
Failed Sign In. Username: 25, Password: KmCrp38G expected [true] but found [false],
Failed Sign In. Username: 26, Password: rNTRNeaw expected [true] but found [false],
Failed Sign In. Username: 27, Password: 9qzr6TQ2 expected [true] but found [false],
Failed Sign In. Username: 28, Password: 7UNmseAY expected [true] but found [false],
Failed Sign In. Username: 29, Password: tnsagy3c expected [true] but found [false],
Failed Sign In. Username: 30, Password: Xr4KFZwh expected [true] but found [false],
Failed Sign In. Username: 31, Password: 568jjRap expected [true] but found [false],
Failed Sign In. Username: 32, Password: dU9aMcGF expected [true] but found [false],
Failed Sign In. Username: 33, Password: HZu6henv expected [true] but found [false],
Failed Sign In. Username: 34, Password: zssGuqVn expected [true] but found [false],
Failed Sign In. Username: 35, Password: mUXfKYHm expected [true] but found [false],
Failed Sign In. Username: 36, Password: DDHf8Hnd expected [true] but found [false],
Failed Sign In. Username: 37, Password: SHs79Ljv expected [true] but found [false],
Failed Sign In. Username: 38, Password: jdkcEy8Z expected [true] but found [false],
Failed Sign In. Username: 39, Password: zAGCAjb4 expected [true] but found [false],
Failed Sign In. Username: 40, Password: fzneH4Sx expected [true] but found [false],
Failed Sign In. Username: 41, Password: tXtcbcWX expected [true] but found [false],
Failed Sign In. Username: 42, Password: Ean6dWfs expected [true] but found [false],
Failed Sign In. Username: 43, Password: Fug9uc5V expected [true] but found [false],
Failed Sign In. Username: 44, Password: JAdKV8uN expected [true] but found [false],
Failed Sign In. Username: 45, Password: TktDgsqw expected [true] but found [false],
Failed Sign In. Username: 46, Password: WmVbrxuC expected [true] but found [false],
Failed Sign In. Username: 47, Password: 7ZVBeea4 expected [true] but found [false],
Failed Sign In. Username: 48, Password: YM78f7hR expected [true] but found [false],
Failed Sign In. Username: 49, Password: WpedUKpF expected [true] but found [false],
Failed Sign In. Username: 50, Password: vgRghBtb expected [true] but found [false]
at org.testng.asserts.SoftAssert.assertAll(SoftAssert.java:43)
at tests.SignInTest.storeSignInTest(SignInTest.java:72)
at sun.reflect.NativeMethodAccessorImpl.invoke0(Native Method)
at sun.reflect.NativeMethodAccessorImpl.invoke(Unknown Source)
at sun.reflect.DelegatingMethodAccessorImpl.invoke(Unknown Source)
at java.lang.reflect.Method.invoke(Unknown Source)
at org.testng.internal.MethodInvocationHelper.invokeMethod(MethodInvocationHelper.java:124)
at org.testng.internal.Invoker.invokeMethod(Invoker.java:580)
at org.testng.internal.Invoker.invokeTestMethod(Invoker.java:716)
at org.testng.internal.Invoker.invokeTestMethods(Invoker.java:988)
at org.testng.internal.TestMethodWorker.invokeTestMethods(TestMethodWorker.java:125)
at org.testng.internal.TestMethodWorker.run(TestMethodWorker.java:109)
at org.testng.TestRunner.privateRun(TestRunner.java:648)
at org.testng.TestRunner.run(TestRunner.java:505)
at org.testng.SuiteRunner.runTest(SuiteRunner.java:455)
at org.testng.SuiteRunner.runSequentially(SuiteRunner.java:450)
at org.testng.SuiteRunner.privateRun(SuiteRunner.java:415)
at org.testng.SuiteRunner.run(SuiteRunner.java:364)
at org.testng.SuiteRunnerWorker.runSuite(SuiteRunnerWorker.java:52)
at org.testng.SuiteRunnerWorker.run(SuiteRunnerWorker.java:84)
at org.testng.TestNG.runSuitesSequentially(TestNG.java:1208)
at org.testng.TestNG.runSuitesLocally(TestNG.java:1137)
at org.testng.TestNG.runSuites(TestNG.java:1049)
at org.testng.TestNG.run(TestNG.java:1017)
at org.testng.remote.AbstractRemoteTestNG.run(AbstractRemoteTestNG.java:114)
at org.testng.remote.RemoteTestNG.initAndRun(RemoteTestNG.java:251)
at org.testng.remote.RemoteTestNG.main(RemoteTestNG.java:77)
]]>
    </failure>
  </testcase> <!-- storeSignInTest -->
</testsuite> <!-- tests.SignInTest -->
