<?xml version="1.0" encoding="UTF-8"?>
<!-- Generated by org.testng.reporters.JUnitReportReporter -->
<testsuite skipped="0" hostname="DESKTOP-N939L4S" name="tests.StoreCartTest" tests="4" failures="0" timestamp="30 Mar 2020 20:05:35 GMT" time="35.425" errors="0">
  <testcase name="storeAddToCartTest" time="14.241" classname="tests.StoreCartTest"/>
  <testcase name="storeCookieCartTest" time="5.962" classname="tests.StoreCartTest"/>
  <testcase name="storeCartPriceTest" time="6.562" classname="tests.StoreCartTest"/>
  <testcase name="storeCartSubTotalTest" time="8.660" classname="tests.StoreCartTest"/>
</testsuite> <!-- tests.StoreCartTest -->
