<?xml version="1.0" encoding="UTF-8"?>
<!-- Generated by org.testng.reporters.JUnitReportReporter -->
<testsuite skipped="0" hostname="DESKTOP-N939L4S" name="tests.PetStoreMenuTest" tests="3" failures="0" timestamp="29 Mar 2020 16:45:12 GMT" time="20.653" errors="0">
  <testcase name="petStoreMenuVerifyURLPageTest" time="10.624" classname="tests.PetStoreMenuTest"/>
  <testcase name="petStoreMenuVerifyURLStatusTest" time="4.405" classname="tests.PetStoreMenuTest"/>
  <testcase name="signInPageTest" time="5.624" classname="tests.PetStoreMenuTest"/>
</testsuite> <!-- tests.PetStoreMenuTest -->
