<?xml version="1.0" encoding="UTF-8"?>
<!-- Generated by org.testng.reporters.JUnitReportReporter -->
<testsuite skipped="0" hostname="DESKTOP-N939L4S" name="tests.DemoTest" tests="1" failures="0" timestamp="24 Mar 2020 12:42:29 GMT" time="0.603" errors="0">
  <testcase name="searchTest" time="0.603" classname="tests.DemoTest"/>
</testsuite> <!-- tests.DemoTest -->
