<?xml version="1.0" encoding="UTF-8"?>
<!-- Generated by org.testng.reporters.JUnitReportReporter -->
<testsuite skipped="0" hostname="DESKTOP-N939L4S" name="tests.EnterStoreTest" tests="1" failures="0" timestamp="31 Mar 2020 18:01:53 GMT" time="0.851" errors="0">
  <testcase name="enterStoreTest" time="0.851" classname="tests.EnterStoreTest"/>
</testsuite> <!-- tests.EnterStoreTest -->
